<html>
<head>
<title>TestNG:  Command line test</title>
<link href="../testng.css" rel="stylesheet" type="text/css" />
<link href="../my-testng.css" rel="stylesheet" type="text/css" />

<style type="text/css">
.log { display: none;} 
.stack-trace { display: none;} 
</style>
<script type="text/javascript">
<!--
function flip(e) {
  current = e.style.display;
  if (current == 'block') {
    e.style.display = 'none';
    return 0;
  }
  else {
    e.style.display = 'block';
    return 1;
  }
}

function toggleBox(szDivId, elem, msg1, msg2)
{
  var res = -1;  if (document.getElementById) {
    res = flip(document.getElementById(szDivId));
  }
  else if (document.all) {
    // this is the way old msie versions work
    res = flip(document.all[szDivId]);
  }
  if(elem) {
    if(res == 0) elem.innerHTML = msg1; else elem.innerHTML = msg2;
  }

}

function toggleAllBoxes() {
  if (document.getElementsByTagName) {
    d = document.getElementsByTagName('div');
    for (i = 0; i < d.length; i++) {
      if (d[i].className == 'log') {
        flip(d[i]);
      }
    }
  }
}

// -->
</script>

</head>
<body>
<h2 align='center'>Command line test</h2><table border='1' align="center">
<tr>
<td>Tests passed/Failed/Skipped:</td><td>9/1/0</td>
</tr><tr>
<td>Started on:</td><td>Mon Jul 17 20:51:17 BST 2023</td>
</tr>
<tr><td>Total time:</td><td>310 seconds (310967 ms)</td>
</tr><tr>
<td>Included groups:</td><td></td>
</tr><tr>
<td>Excluded groups:</td><td></td>
</tr>
</table><p/>
<small><i>(Hover the method name to see the test class name)</i></small><p/>
<table width='100%' border='1' class='invocation-failed'>
<tr><td colspan='4' align='center'><b>FAILED TESTS</b></td></tr>
<tr><td><b>Test method</b></td>
<td width="30%"><b>Exception</b></td>
<td width="10%"><b>Time (seconds)</b></td>
<td><b>Instance</b></td>
</tr>
<tr>
<td title='com.tutorialninja.testsuite.AccountRegisterPageTest.verifyThatUserRegisterAccountSuccessfully()'><b>verifyThatUserRegisterAccountSuccessfully</b><br>Test class: com.tutorialninja.testsuite.AccountRegisterPageTest<br/>
<a href="#Output-1149388444" onClick='toggleBox("Output-1149388444", this, "Show output", "Hide output");'>Show output</a>

<a href="#Output-1149388444" onClick="toggleAllBoxes();">Show all outputs</a>
<div class='log' id="Output-1149388444">
Click on my account tab[[ChromeDriver: chrome on WINDOWS (140ce7b07964f0b954d327efa9dbe48a)] -> xpath: //span[normalize-space()='My Account']]<br/>
Select my account options[[[ChromeDriver: chrome on WINDOWS (140ce7b07964f0b954d327efa9dbe48a)] -> xpath: //ul[@class = 'dropdown-menu dropdown-menu-right']//li], [[ChromeDriver: chrome on WINDOWS (140ce7b07964f0b954d327efa9dbe48a)] -> xpath: //ul[@class = 'dropdown-menu dropdown-menu-right']//li]]<br/>
Enter first name[[ChromeDriver: chrome on WINDOWS (140ce7b07964f0b954d327efa9dbe48a)] -> name: firstname]<br/>
Enter last name[[ChromeDriver: chrome on WINDOWS (140ce7b07964f0b954d327efa9dbe48a)] -> name: lastname]<br/>
Enter email[[ChromeDriver: chrome on WINDOWS (140ce7b07964f0b954d327efa9dbe48a)] -> name: email]<br/>
Enter Telephone[[ChromeDriver: chrome on WINDOWS (140ce7b07964f0b954d327efa9dbe48a)] -> name: telephone]<br/>
Enter password[[ChromeDriver: chrome on WINDOWS (140ce7b07964f0b954d327efa9dbe48a)] -> id: input-password]<br/>
Enter confirm password[[ChromeDriver: chrome on WINDOWS (140ce7b07964f0b954d327efa9dbe48a)] -> id: input-confirm]<br/>
Click on radio button for subscribe[[ChromeDriver: chrome on WINDOWS (140ce7b07964f0b954d327efa9dbe48a)] -> xpath: (//input[@type='radio'])[2]]<br/>
Click on privacy check box[[ChromeDriver: chrome on WINDOWS (140ce7b07964f0b954d327efa9dbe48a)] -> name: agree]<br/>
Click on continue button[[ChromeDriver: chrome on WINDOWS (140ce7b07964f0b954d327efa9dbe48a)] -> xpath: //input[@type='submit']]<br/>
Get text account is createdProxy element for: DefaultElementLocator 'By.xpath: //h1[contains(text(),'Your Account Has Been Created!')]'<br/>
</div>
</td>
<td><div><pre>org.openqa.selenium.NoSuchElementException: no such element: Unable to locate element: {&quot;method&quot;:&quot;xpath&quot;,&quot;selector&quot;:&quot;//h1[contains(text(),&apos;Your Account Has Been Created!&apos;)]&quot;}
  (Session info: chrome=114.0.5735.199)
For documentation on this error, please visit: https://selenium.dev/exceptions/#no_such_element
Build info: version: &apos;4.9.0&apos;, revision: &apos;d7057100a6&apos;
System info: os.name: &apos;Windows 10&apos;, os.arch: &apos;amd64&apos;, os.version: &apos;10.0&apos;, java.version: &apos;1.8.0_121&apos;
Driver info: org.openqa.selenium.chrome.ChromeDriver
Command: [140ce7b07964f0b954d327efa9dbe48a, findElement {using=xpath, value=//h1[contains(text(),&apos;Your Account Has Been Created!&apos;)]}]
Capabilities {acceptInsecureCerts: false, browserName: chrome, browserVersion: 114.0.5735.199, chrome: {chromedriverVersion: 114.0.5735.90 (386bc09e8f4f..., userDataDir: C:\Users\sspin\AppData\Loca...}, goog:chromeOptions: {debuggerAddress: localhost:14306}, networkConnectionEnabled: false, pageLoadStrategy: normal, platformName: WINDOWS, proxy: Proxy(), se:cdp: ws://localhost:14306/devtoo..., se:cdpVersion: 114.0.5735.199, setWindowRect: true, strictFileInteractability: false, timeouts: {implicit: 0, pageLoad: 300000, script: 30000}, unhandledPromptBehavior: dismiss and notify, webauthn:extension:credBlob: true, webauthn:extension:largeBlob: true, webauthn:extension:minPinLength: true, webauthn:extension:prf: true, webauthn:virtualAuthenticators: true}
Session ID: 140ce7b07964f0b954d327efa9dbe48a
	at org.openqa.selenium.remote.codec.w3c.W3CHttpResponseCodec.createException(W3CHttpResponseCodec.java:200)
	at org.openqa.selenium.remote.codec.w3c.W3CHttpResponseCodec.decode(W3CHttpResponseCodec.java:133)
	at org.openqa.selenium.remote.codec.w3c.W3CHttpResponseCodec.decode(W3CHttpResponseCodec.java:53)
	at org.openqa.selenium.remote.HttpCommandExecutor.execute(HttpCommandExecutor.java:193)
	at org.openqa.selenium.remote.service.DriverCommandExecutor.invokeExecute(DriverCommandExecutor.java:183)
	at org.openqa.selenium.remote.service.DriverCommandExecutor.execute(DriverCommandExecutor.java:158)
	at org.openqa.selenium.remote.RemoteWebDriver.execute(RemoteWebDriver.java:543)
	at org.openqa.selenium.remote.ElementLocation$ElementFinder$2.findElement(ElementLocation.java:162)
	at org.openqa.selenium.remote.ElementLocation.findElement(ElementLocation.java:60)
	at org.openqa.selenium.remote.RemoteWebDriver.findElement(RemoteWebDriver.java:352)
	at org.openqa.selenium.remote.RemoteWebDriver.findElement(RemoteWebDriver.java:344)
	at org.openqa.selenium.support.pagefactory.DefaultElementLocator.findElement(DefaultElementLocator.java:70)
	at org.openqa.selenium.support.pagefactory.internal.LocatingElementHandler.invoke(LocatingElementHandler.java:39)
	at com.sun.proxy.$Proxy15.getText(Unknown Source)
	at com.tutorialninja.utility.Utility.getTextFromElement(Utility.java:61)
	at com.tutorialninja.pages.MyAccountRegisterPage.getAccountHasBeenCreatedText(MyAccountRegisterPage.java:125)
	at com.tutorialninja.testsuite.AccountRegisterPageTest.verifyThatUserRegisterAccountSuccessfully(AccountRegisterPageTest.java:59)
	at java.util.ArrayList.forEach(ArrayList.java:1249)
... Removed 41 stack frames</pre></div><a href='#' onClick='toggleBox("stack-trace1149388444", this, "Click to show all stack frames", "Click to hide stack frames")'>Click to show all stack frames</a>
<div class='stack-trace' id='stack-trace1149388444'><pre>org.openqa.selenium.NoSuchElementException: no such element: Unable to locate element: {&quot;method&quot;:&quot;xpath&quot;,&quot;selector&quot;:&quot;//h1[contains(text(),&apos;Your Account Has Been Created!&apos;)]&quot;}
  (Session info: chrome=114.0.5735.199)
For documentation on this error, please visit: https://selenium.dev/exceptions/#no_such_element
Build info: version: &apos;4.9.0&apos;, revision: &apos;d7057100a6&apos;
System info: os.name: &apos;Windows 10&apos;, os.arch: &apos;amd64&apos;, os.version: &apos;10.0&apos;, java.version: &apos;1.8.0_121&apos;
Driver info: org.openqa.selenium.chrome.ChromeDriver
Command: [140ce7b07964f0b954d327efa9dbe48a, findElement {using=xpath, value=//h1[contains(text(),&apos;Your Account Has Been Created!&apos;)]}]
Capabilities {acceptInsecureCerts: false, browserName: chrome, browserVersion: 114.0.5735.199, chrome: {chromedriverVersion: 114.0.5735.90 (386bc09e8f4f..., userDataDir: C:\Users\sspin\AppData\Loca...}, goog:chromeOptions: {debuggerAddress: localhost:14306}, networkConnectionEnabled: false, pageLoadStrategy: normal, platformName: WINDOWS, proxy: Proxy(), se:cdp: ws://localhost:14306/devtoo..., se:cdpVersion: 114.0.5735.199, setWindowRect: true, strictFileInteractability: false, timeouts: {implicit: 0, pageLoad: 300000, script: 30000}, unhandledPromptBehavior: dismiss and notify, webauthn:extension:credBlob: true, webauthn:extension:largeBlob: true, webauthn:extension:minPinLength: true, webauthn:extension:prf: true, webauthn:virtualAuthenticators: true}
Session ID: 140ce7b07964f0b954d327efa9dbe48a
	at sun.reflect.NativeConstructorAccessorImpl.newInstance0(Native Method)
	at sun.reflect.NativeConstructorAccessorImpl.newInstance(NativeConstructorAccessorImpl.java:62)
	at sun.reflect.DelegatingConstructorAccessorImpl.newInstance(DelegatingConstructorAccessorImpl.java:45)
	at java.lang.reflect.Constructor.newInstance(Constructor.java:423)
	at org.openqa.selenium.remote.codec.w3c.W3CHttpResponseCodec.createException(W3CHttpResponseCodec.java:200)
	at org.openqa.selenium.remote.codec.w3c.W3CHttpResponseCodec.decode(W3CHttpResponseCodec.java:133)
	at org.openqa.selenium.remote.codec.w3c.W3CHttpResponseCodec.decode(W3CHttpResponseCodec.java:53)
	at org.openqa.selenium.remote.HttpCommandExecutor.execute(HttpCommandExecutor.java:193)
	at org.openqa.selenium.remote.service.DriverCommandExecutor.invokeExecute(DriverCommandExecutor.java:183)
	at org.openqa.selenium.remote.service.DriverCommandExecutor.execute(DriverCommandExecutor.java:158)
	at org.openqa.selenium.remote.RemoteWebDriver.execute(RemoteWebDriver.java:543)
	at org.openqa.selenium.remote.ElementLocation$ElementFinder$2.findElement(ElementLocation.java:162)
	at org.openqa.selenium.remote.ElementLocation.findElement(ElementLocation.java:60)
	at org.openqa.selenium.remote.RemoteWebDriver.findElement(RemoteWebDriver.java:352)
	at org.openqa.selenium.remote.RemoteWebDriver.findElement(RemoteWebDriver.java:344)
	at org.openqa.selenium.support.pagefactory.DefaultElementLocator.findElement(DefaultElementLocator.java:70)
	at org.openqa.selenium.support.pagefactory.internal.LocatingElementHandler.invoke(LocatingElementHandler.java:39)
	at com.sun.proxy.$Proxy15.getText(Unknown Source)
	at com.tutorialninja.utility.Utility.getTextFromElement(Utility.java:61)
	at com.tutorialninja.pages.MyAccountRegisterPage.getAccountHasBeenCreatedText(MyAccountRegisterPage.java:125)
	at com.tutorialninja.testsuite.AccountRegisterPageTest.verifyThatUserRegisterAccountSuccessfully(AccountRegisterPageTest.java:59)
	at sun.reflect.NativeMethodAccessorImpl.invoke0(Native Method)
	at sun.reflect.NativeMethodAccessorImpl.invoke(NativeMethodAccessorImpl.java:62)
	at sun.reflect.DelegatingMethodAccessorImpl.invoke(DelegatingMethodAccessorImpl.java:43)
	at java.lang.reflect.Method.invoke(Method.java:498)
	at org.testng.internal.invokers.MethodInvocationHelper.invokeMethod(MethodInvocationHelper.java:135)
	at org.testng.internal.invokers.TestInvoker.invokeMethod(TestInvoker.java:673)
	at org.testng.internal.invokers.TestInvoker.invokeTestMethod(TestInvoker.java:220)
	at org.testng.internal.invokers.MethodRunner.runInSequence(MethodRunner.java:50)
	at org.testng.internal.invokers.TestInvoker$MethodInvocationAgent.invoke(TestInvoker.java:945)
	at org.testng.internal.invokers.TestInvoker.invokeTestMethods(TestInvoker.java:193)
	at org.testng.internal.invokers.TestMethodWorker.invokeTestMethods(TestMethodWorker.java:146)
	at org.testng.internal.invokers.TestMethodWorker.run(TestMethodWorker.java:128)
	at java.util.ArrayList.forEach(ArrayList.java:1249)
	at org.testng.TestRunner.privateRun(TestRunner.java:808)
	at org.testng.TestRunner.run(TestRunner.java:603)
	at org.testng.SuiteRunner.runTest(SuiteRunner.java:429)
	at org.testng.SuiteRunner.runSequentially(SuiteRunner.java:423)
	at org.testng.SuiteRunner.privateRun(SuiteRunner.java:383)
	at org.testng.SuiteRunner.run(SuiteRunner.java:326)
	at org.testng.SuiteRunnerWorker.runSuite(SuiteRunnerWorker.java:52)
	at org.testng.SuiteRunnerWorker.run(SuiteRunnerWorker.java:95)
	at org.testng.TestNG.runSuitesSequentially(TestNG.java:1249)
	at org.testng.TestNG.runSuitesLocally(TestNG.java:1169)
	at org.testng.TestNG.runSuites(TestNG.java:1092)
	at org.testng.TestNG.run(TestNG.java:1060)
	at org.apache.maven.surefire.testng.TestNGExecutor.run(TestNGExecutor.java:77)
	at org.apache.maven.surefire.testng.TestNGDirectoryTestSuite.executeMulti(TestNGDirectoryTestSuite.java:159)
	at org.apache.maven.surefire.testng.TestNGDirectoryTestSuite.execute(TestNGDirectoryTestSuite.java:99)
	at org.apache.maven.surefire.testng.TestNGProvider.invoke(TestNGProvider.java:106)
	at sun.reflect.NativeMethodAccessorImpl.invoke0(Native Method)
	at sun.reflect.NativeMethodAccessorImpl.invoke(NativeMethodAccessorImpl.java:62)
	at sun.reflect.DelegatingMethodAccessorImpl.invoke(DelegatingMethodAccessorImpl.java:43)
	at java.lang.reflect.Method.invoke(Method.java:498)
	at org.apache.maven.surefire.util.ReflectionUtils.invokeMethodWithArray(ReflectionUtils.java:189)
	at org.apache.maven.surefire.booter.ProviderFactory$ProviderProxy.invoke(ProviderFactory.java:165)
	at org.apache.maven.surefire.booter.ProviderFactory.invokeProvider(ProviderFactory.java:85)
	at org.apache.maven.surefire.booter.ForkedBooter.runSuitesInProcess(ForkedBooter.java:115)
	at org.apache.maven.surefire.booter.ForkedBooter.main(ForkedBooter.java:75)
</pre></div></td>
<td>42</td>
<td>com.tutorialninja.testsuite.AccountRegisterPageTest@4923ab24</td></tr>
</table><p>
<table width='100%' border='1' class='invocation-passed'>
<tr><td colspan='4' align='center'><b>PASSED TESTS</b></td></tr>
<tr><td><b>Test method</b></td>
<td width="30%"><b>Exception</b></td>
<td width="10%"><b>Time (seconds)</b></td>
<td><b>Instance</b></td>
</tr>
<tr>
<td title='com.tutorialninja.testsuite.DeskTopTest.verifyProductAddedToShoppingCartSuccessFully()'><b>verifyProductAddedToShoppingCartSuccessFully</b><br>Test class: com.tutorialninja.testsuite.DeskTopTest<br/>
<a href="#Output-775300103" onClick='toggleBox("Output-775300103", this, "Show output", "Hide output");'>Show output</a>

<a href="#Output-775300103" onClick="toggleAllBoxes();">Show all outputs</a>
<div class='log' id="Output-775300103">
Mouse hover and click on desktop[[ChromeDriver: chrome on WINDOWS (1c7015efec62c5ad220ff247e0b9a2b4)] -> link text: Desktops]<br/>
Click on show all desktop[[ChromeDriver: chrome on WINDOWS (1c7015efec62c5ad220ff247e0b9a2b4)] -> link text: Show AllDesktops]<br/>
Select sort by A to Z[[ChromeDriver: chrome on WINDOWS (1c7015efec62c5ad220ff247e0b9a2b4)] -> id: input-sort]<br/>
Select product[[ChromeDriver: chrome on WINDOWS (1c7015efec62c5ad220ff247e0b9a2b4)] -> xpath: //a[contains(text(),'HP LP3065')]]<br/>
Get text HP[[ChromeDriver: chrome on WINDOWS (1c7015efec62c5ad220ff247e0b9a2b4)] -> xpath: //h1[contains(text(),'HP LP3065')]]<br/>
Add to cart[[ChromeDriver: chrome on WINDOWS (1c7015efec62c5ad220ff247e0b9a2b4)] -> id: button-cart]<br/>
Get text Success Message[[ChromeDriver: chrome on WINDOWS (1c7015efec62c5ad220ff247e0b9a2b4)] -> xpath: //div[@class='alert alert-success alert-dismissible']]<br/>
Click on shopping cart[[ChromeDriver: chrome on WINDOWS (1c7015efec62c5ad220ff247e0b9a2b4)] -> xpath: //a[contains(text(),'shopping cart')]]<br/>
Get text Shopping cart[[ChromeDriver: chrome on WINDOWS (1c7015efec62c5ad220ff247e0b9a2b4)] -> xpath: //h1[contains(text(),'Shopping Cart')]]<br/>
Click on currency tab[[ChromeDriver: chrome on WINDOWS (1c7015efec62c5ad220ff247e0b9a2b4)] -> xpath: //span[contains(text(),'Currency')]]<br/>
Click on pound sterling[[ChromeDriver: chrome on WINDOWS (1c7015efec62c5ad220ff247e0b9a2b4)] -> xpath: //button[contains(text(),'£Pound Sterling')]]<br/>
Get text HPP Product[[ChromeDriver: chrome on WINDOWS (1c7015efec62c5ad220ff247e0b9a2b4)] -> xpath: (//a[text()='HP LP3065'])[2]]<br/>
Get text delivery date[[ChromeDriver: chrome on WINDOWS (1c7015efec62c5ad220ff247e0b9a2b4)] -> xpath: //small[normalize-space()='Delivery Date:2023-11-30']]<br/>
Get text Product 21[[ChromeDriver: chrome on WINDOWS (1c7015efec62c5ad220ff247e0b9a2b4)] -> xpath: //td[normalize-space()='Product 21']]<br/>
Get text Total cost[[ChromeDriver: chrome on WINDOWS (1c7015efec62c5ad220ff247e0b9a2b4)] -> xpath: (//td[@class='text-right'][normalize-space()='£74.73'])[4]]<br/>
</div>
</td>
<td></td>
<td>16</td>
<td>com.tutorialninja.testsuite.DeskTopTest@7b69c6ba</td></tr>
<tr>
<td title='com.tutorialninja.testsuite.AccountLoginPageTest.verifyUserShouldNavigateToLoginPageSuccessfully()'><b>verifyUserShouldNavigateToLoginPageSuccessfully</b><br>Test class: com.tutorialninja.testsuite.AccountLoginPageTest<br/>
<a href="#Output-1661161169" onClick='toggleBox("Output-1661161169", this, "Show output", "Hide output");'>Show output</a>

<a href="#Output-1661161169" onClick="toggleAllBoxes();">Show all outputs</a>
<div class='log' id="Output-1661161169">
Click on my account tab[[ChromeDriver: chrome on WINDOWS (a2b96f2831af7d28e19b3a39577b47ca)] -> xpath: //span[normalize-space()='My Account']]<br/>
Select my account options[[[ChromeDriver: chrome on WINDOWS (a2b96f2831af7d28e19b3a39577b47ca)] -> xpath: //ul[@class = 'dropdown-menu dropdown-menu-right']//li], [[ChromeDriver: chrome on WINDOWS (a2b96f2831af7d28e19b3a39577b47ca)] -> xpath: //ul[@class = 'dropdown-menu dropdown-menu-right']//li]]<br/>
Get Text Return customer[[ChromeDriver: chrome on WINDOWS (a2b96f2831af7d28e19b3a39577b47ca)] -> xpath: //h2[normalize-space()='Returning Customer']]<br/>
</div>
</td>
<td></td>
<td>0</td>
<td>com.tutorialninja.testsuite.AccountLoginPageTest@cb51256</td></tr>
<tr>
<td title='com.tutorialninja.testsuite.TopMenuTest.verifyUserShouldNavigateToComponentsPageSuccessfully()'><b>verifyUserShouldNavigateToComponentsPageSuccessfully</b><br>Test class: com.tutorialninja.testsuite.TopMenuTest<br/>
<a href="#Output-1600818942" onClick='toggleBox("Output-1600818942", this, "Show output", "Hide output");'>Show output</a>

<a href="#Output-1600818942" onClick="toggleAllBoxes();">Show all outputs</a>
<div class='log' id="Output-1600818942">
Mouse hover and click on Components[[ChromeDriver: chrome on WINDOWS (6f885ea39ece9638f9559913149c91bc)] -> link text: Components]<br/>
Select from top menu[]<br/>
Get Text Components[[ChromeDriver: chrome on WINDOWS (6f885ea39ece9638f9559913149c91bc)] -> xpath: //h2[contains(text(),'Components')]]<br/>
</div>
</td>
<td></td>
<td>20</td>
<td>com.tutorialninja.testsuite.TopMenuTest@262b2c86</td></tr>
<tr>
<td title='com.tutorialninja.testsuite.DeskTopTest.verifyProductArrangeInAlphaBaticalOrder()'><b>verifyProductArrangeInAlphaBaticalOrder</b><br>Test class: com.tutorialninja.testsuite.DeskTopTest<br/>
<a href="#Output-504959312" onClick='toggleBox("Output-504959312", this, "Show output", "Hide output");'>Show output</a>

<a href="#Output-504959312" onClick="toggleAllBoxes();">Show all outputs</a>
<div class='log' id="Output-504959312">
Mouse hover and click on desktop[[ChromeDriver: chrome on WINDOWS (c98a9b362ed544a012ab146114a5b227)] -> link text: Desktops]<br/>
Click on show all desktop[[ChromeDriver: chrome on WINDOWS (c98a9b362ed544a012ab146114a5b227)] -> link text: Show AllDesktops]<br/>
Select sort by Z to A[[ChromeDriver: chrome on WINDOWS (c98a9b362ed544a012ab146114a5b227)] -> id: input-sort]<br/>
</div>
</td>
<td></td>
<td>101</td>
<td>com.tutorialninja.testsuite.DeskTopTest@7b69c6ba</td></tr>
<tr>
<td title='com.tutorialninja.testsuite.AccountLoginPageTest.verifyThatUserShouldLoginAndLogoutSuccessfully()'><b>verifyThatUserShouldLoginAndLogoutSuccessfully</b><br>Test class: com.tutorialninja.testsuite.AccountLoginPageTest<br/>
<a href="#Output-2108708444" onClick='toggleBox("Output-2108708444", this, "Show output", "Hide output");'>Show output</a>

<a href="#Output-2108708444" onClick="toggleAllBoxes();">Show all outputs</a>
<div class='log' id="Output-2108708444">
Click on my account tab[[ChromeDriver: chrome on WINDOWS (0fd0b9ffee217aa4f87ca7a825bc2543)] -> xpath: //span[normalize-space()='My Account']]<br/>
Select my account options[[[ChromeDriver: chrome on WINDOWS (0fd0b9ffee217aa4f87ca7a825bc2543)] -> xpath: //ul[@class = 'dropdown-menu dropdown-menu-right']//li], [[ChromeDriver: chrome on WINDOWS (0fd0b9ffee217aa4f87ca7a825bc2543)] -> xpath: //ul[@class = 'dropdown-menu dropdown-menu-right']//li]]<br/>
Enter email[[ChromeDriver: chrome on WINDOWS (0fd0b9ffee217aa4f87ca7a825bc2543)] -> id: input-email]<br/>
Enter password[[ChromeDriver: chrome on WINDOWS (0fd0b9ffee217aa4f87ca7a825bc2543)] -> name: password]<br/>
Click on login button[[ChromeDriver: chrome on WINDOWS (0fd0b9ffee217aa4f87ca7a825bc2543)] -> xpath: //input[@value='Login']]<br/>
Get Text My account[[ChromeDriver: chrome on WINDOWS (0fd0b9ffee217aa4f87ca7a825bc2543)] -> xpath: //h2[contains(text(),'My Account')]]<br/>
Select my account options[[[ChromeDriver: chrome on WINDOWS (0fd0b9ffee217aa4f87ca7a825bc2543)] -> xpath: //ul[@class = 'dropdown-menu dropdown-menu-right']//li], [[ChromeDriver: chrome on WINDOWS (0fd0b9ffee217aa4f87ca7a825bc2543)] -> xpath: //ul[@class = 'dropdown-menu dropdown-menu-right']//li]]<br/>
Get text account logout[[ChromeDriver: chrome on WINDOWS (0fd0b9ffee217aa4f87ca7a825bc2543)] -> xpath: //h1[contains(text(),'Account Logout')]]<br/>
Click on continue button[[ChromeDriver: chrome on WINDOWS (0fd0b9ffee217aa4f87ca7a825bc2543)] -> xpath: //a[contains(text(),'Continue')]]<br/>
</div>
</td>
<td></td>
<td>2</td>
<td>com.tutorialninja.testsuite.AccountLoginPageTest@cb51256</td></tr>
<tr>
<td title='com.tutorialninja.testsuite.AccountRegisterPageTest.verifyUserShouldNavigateToRegisterPageSuccessfully()'><b>verifyUserShouldNavigateToRegisterPageSuccessfully</b><br>Test class: com.tutorialninja.testsuite.AccountRegisterPageTest<br/>
<a href="#Output-670951536" onClick='toggleBox("Output-670951536", this, "Show output", "Hide output");'>Show output</a>

<a href="#Output-670951536" onClick="toggleAllBoxes();">Show all outputs</a>
<div class='log' id="Output-670951536">
Click on my account tab[[ChromeDriver: chrome on WINDOWS (4d5b5d8d60905b6e65fb98798ae7457a)] -> xpath: //span[normalize-space()='My Account']]<br/>
Select my account options[[[ChromeDriver: chrome on WINDOWS (4d5b5d8d60905b6e65fb98798ae7457a)] -> xpath: //ul[@class = 'dropdown-menu dropdown-menu-right']//li], [[ChromeDriver: chrome on WINDOWS (4d5b5d8d60905b6e65fb98798ae7457a)] -> xpath: //ul[@class = 'dropdown-menu dropdown-menu-right']//li]]<br/>
Get Text Register account[[ChromeDriver: chrome on WINDOWS (4d5b5d8d60905b6e65fb98798ae7457a)] -> xpath: //h1[normalize-space()='Register Account']]<br/>
</div>
</td>
<td></td>
<td>0</td>
<td>com.tutorialninja.testsuite.AccountRegisterPageTest@4923ab24</td></tr>
<tr>
<td title='com.tutorialninja.testsuite.TopMenuTest.verifyUserShouldNavigateToDesktopsPageSuccessfully()'><b>verifyUserShouldNavigateToDesktopsPageSuccessfully</b><br>Test class: com.tutorialninja.testsuite.TopMenuTest<br/>
<a href="#Output-587142002" onClick='toggleBox("Output-587142002", this, "Show output", "Hide output");'>Show output</a>

<a href="#Output-587142002" onClick="toggleAllBoxes();">Show all outputs</a>
<div class='log' id="Output-587142002">
Mouse hover and click on desktop[[ChromeDriver: chrome on WINDOWS (5c3230192f67350507e707be518e7316)] -> link text: Desktops]<br/>
Select from top menu[]<br/>
Get Text Desktop[[ChromeDriver: chrome on WINDOWS (5c3230192f67350507e707be518e7316)] -> xpath: //h2[contains(text(),'Desktops')]]<br/>
</div>
</td>
<td></td>
<td>21</td>
<td>com.tutorialninja.testsuite.TopMenuTest@262b2c86</td></tr>
<tr>
<td title='com.tutorialninja.testsuite.LapTopsAndNoteBooksTest.verifyProductsPriceDisplayHighToLowSuccessfully()'><b>verifyProductsPriceDisplayHighToLowSuccessfully</b><br>Test class: com.tutorialninja.testsuite.LapTopsAndNoteBooksTest<br/>
<a href="#Output-732559750" onClick='toggleBox("Output-732559750", this, "Show output", "Hide output");'>Show output</a>

<a href="#Output-732559750" onClick="toggleAllBoxes();">Show all outputs</a>
<div class='log' id="Output-732559750">
Mouse hover and click on Laptop and Notebooks[[ChromeDriver: chrome on WINDOWS (dc56b2da31d75c14f6a0cd2ca9e67405)] -> link text: Laptops & Notebooks]<br/>
Click on show all laptop and notebooks[[ChromeDriver: chrome on WINDOWS (dc56b2da31d75c14f6a0cd2ca9e67405)] -> link text: Show AllLaptops & Notebooks]<br/>
Original product list[[[ChromeDriver: chrome on WINDOWS (dc56b2da31d75c14f6a0cd2ca9e67405)] -> xpath: //p[@class ='price']], [[ChromeDriver: chrome on WINDOWS (dc56b2da31d75c14f6a0cd2ca9e67405)] -> xpath: //p[@class ='price']], [[ChromeDriver: chrome on WINDOWS (dc56b2da31d75c14f6a0cd2ca9e67405)] -> xpath: //p[@class ='price']], [[ChromeDriver: chrome on WINDOWS (dc56b2da31d75c14f6a0cd2ca9e67405)] -> xpath: //p[@class ='price']], [[ChromeDriver: chrome on WINDOWS (dc56b2da31d75c14f6a0cd2ca9e67405)] -> xpath: //p[@class ='price']]]<br/>
Product Sort by High low price[[ChromeDriver: chrome on WINDOWS (dc56b2da31d75c14f6a0cd2ca9e67405)] -> id: input-sort]<br/>
After sort by price[[[ChromeDriver: chrome on WINDOWS (dc56b2da31d75c14f6a0cd2ca9e67405)] -> xpath: //p[@class ='price']], [[ChromeDriver: chrome on WINDOWS (dc56b2da31d75c14f6a0cd2ca9e67405)] -> xpath: //p[@class ='price']], [[ChromeDriver: chrome on WINDOWS (dc56b2da31d75c14f6a0cd2ca9e67405)] -> xpath: //p[@class ='price']], [[ChromeDriver: chrome on WINDOWS (dc56b2da31d75c14f6a0cd2ca9e67405)] -> xpath: //p[@class ='price']], [[ChromeDriver: chrome on WINDOWS (dc56b2da31d75c14f6a0cd2ca9e67405)] -> xpath: //p[@class ='price']]]<br/>
</div>
</td>
<td></td>
<td>2</td>
<td>com.tutorialninja.testsuite.LapTopsAndNoteBooksTest@12f41634</td></tr>
<tr>
<td title='com.tutorialninja.testsuite.LapTopsAndNoteBooksTest.verifyThatUserPlaceOrderSuccessfully()'><b>verifyThatUserPlaceOrderSuccessfully</b><br>Test class: com.tutorialninja.testsuite.LapTopsAndNoteBooksTest<br/>
<a href="#Output-1827686351" onClick='toggleBox("Output-1827686351", this, "Show output", "Hide output");'>Show output</a>

<a href="#Output-1827686351" onClick="toggleAllBoxes();">Show all outputs</a>
<div class='log' id="Output-1827686351">
Click on currency tab[[ChromeDriver: chrome on WINDOWS (575f51cc9ce8a85888646b79062c4c54)] -> xpath: //span[contains(text(),'Currency')]]<br/>
Click on pound sterling[[ChromeDriver: chrome on WINDOWS (575f51cc9ce8a85888646b79062c4c54)] -> xpath: //button[contains(text(),'£Pound Sterling')]]<br/>
Mouse hover and click on Laptop and Notebooks[[ChromeDriver: chrome on WINDOWS (575f51cc9ce8a85888646b79062c4c54)] -> link text: Laptops & Notebooks]<br/>
Click on show all laptop and notebooks[[ChromeDriver: chrome on WINDOWS (575f51cc9ce8a85888646b79062c4c54)] -> link text: Show AllLaptops & Notebooks]<br/>
Product Sort by High low price[[ChromeDriver: chrome on WINDOWS (575f51cc9ce8a85888646b79062c4c54)] -> id: input-sort]<br/>
Click on Macbook[[ChromeDriver: chrome on WINDOWS (575f51cc9ce8a85888646b79062c4c54)] -> link text: MacBook]<br/>
Get Text MacBook[[ChromeDriver: chrome on WINDOWS (575f51cc9ce8a85888646b79062c4c54)] -> xpath: //h1[contains(text(),'MacBook')]]<br/>
Click on add to cart[[ChromeDriver: chrome on WINDOWS (575f51cc9ce8a85888646b79062c4c54)] -> xpath: //button[@id='button-cart']]<br/>
Get Text Success[[ChromeDriver: chrome on WINDOWS (575f51cc9ce8a85888646b79062c4c54)] -> xpath: //div[@class='alert alert-success alert-dismissible']]<br/>
Click on shopping cart[[ChromeDriver: chrome on WINDOWS (575f51cc9ce8a85888646b79062c4c54)] -> xpath: //a[contains(text(),'shopping cart')]]<br/>
Get text shopping cart[[ChromeDriver: chrome on WINDOWS (575f51cc9ce8a85888646b79062c4c54)] -> xpath: //div[@id='content']//h1]<br/>
Get Text MacBook[[ChromeDriver: chrome on WINDOWS (575f51cc9ce8a85888646b79062c4c54)] -> xpath: //div[@class = 'table-responsive']/table/tbody/tr/td[2]/a]<br/>
Change the Qty[[ChromeDriver: chrome on WINDOWS (575f51cc9ce8a85888646b79062c4c54)] -> xpath: //input[contains(@name, 'quantity')]]<br/>
Click on update tab[[ChromeDriver: chrome on WINDOWS (575f51cc9ce8a85888646b79062c4c54)] -> xpath: //button[contains(@data-original-title, 'Update')]]<br/>
Get Text modified success[[ChromeDriver: chrome on WINDOWS (575f51cc9ce8a85888646b79062c4c54)] -> xpath: //div[@id='checkout-cart']/div[1]]<br/>
Get Text Total amount[[ChromeDriver: chrome on WINDOWS (575f51cc9ce8a85888646b79062c4c54)] -> xpath: //div[@class = 'table-responsive']/table/tbody/tr/td[6]]<br/>
Click on checkout[[ChromeDriver: chrome on WINDOWS (575f51cc9ce8a85888646b79062c4c54)] -> xpath: //a[contains(text(),'Checkout')]]<br/>
Get Text Check Out[[ChromeDriver: chrome on WINDOWS (575f51cc9ce8a85888646b79062c4c54)] -> xpath: //h1[contains(text(),'Checkout')]]<br/>
Get Text New customer[[ChromeDriver: chrome on WINDOWS (575f51cc9ce8a85888646b79062c4c54)] -> xpath: //h2[contains(text(),'New Customer')]]<br/>
Click on guest checkout button[[ChromeDriver: chrome on WINDOWS (575f51cc9ce8a85888646b79062c4c54)] -> xpath: //input[@value='guest']]<br/>
Click on Continue button[[ChromeDriver: chrome on WINDOWS (575f51cc9ce8a85888646b79062c4c54)] -> xpath: //input[@id='button-account']]<br/>
Enter first name[[ChromeDriver: chrome on WINDOWS (575f51cc9ce8a85888646b79062c4c54)] -> xpath: //input[@id='input-payment-firstname']]<br/>
Enter last name[[ChromeDriver: chrome on WINDOWS (575f51cc9ce8a85888646b79062c4c54)] -> xpath: //input[@id='input-payment-lastname']]<br/>
Enter email[[ChromeDriver: chrome on WINDOWS (575f51cc9ce8a85888646b79062c4c54)] -> xpath: //input[@id='input-payment-email']]<br/>
Enter Telephone[[ChromeDriver: chrome on WINDOWS (575f51cc9ce8a85888646b79062c4c54)] -> xpath: //input[@id='input-payment-telephone']]<br/>
Enter Address[[ChromeDriver: chrome on WINDOWS (575f51cc9ce8a85888646b79062c4c54)] -> xpath: //input[@id='input-payment-address-1']]<br/>
Enter City[[ChromeDriver: chrome on WINDOWS (575f51cc9ce8a85888646b79062c4c54)] -> xpath: //input[@id='input-payment-city']]<br/>
Enter postcode[[ChromeDriver: chrome on WINDOWS (575f51cc9ce8a85888646b79062c4c54)] -> xpath: //input[@id='input-payment-postcode']]<br/>
Enter Country[[ChromeDriver: chrome on WINDOWS (575f51cc9ce8a85888646b79062c4c54)] -> xpath: //select[@id='input-payment-country']]<br/>
Enter State[[ChromeDriver: chrome on WINDOWS (575f51cc9ce8a85888646b79062c4c54)] -> xpath: //select[@id='input-payment-zone']]<br/>
Click on continue button[[ChromeDriver: chrome on WINDOWS (575f51cc9ce8a85888646b79062c4c54)] -> xpath: //input[@id='button-guest']]<br/>
Enter comment[[ChromeDriver: chrome on WINDOWS (575f51cc9ce8a85888646b79062c4c54)] -> tag name: textarea]<br/>
Check terms and condition[[ChromeDriver: chrome on WINDOWS (575f51cc9ce8a85888646b79062c4c54)] -> name: agree]<br/>
Click on continue button for payment[[ChromeDriver: chrome on WINDOWS (575f51cc9ce8a85888646b79062c4c54)] -> xpath: //input[@id='button-payment-method']]<br/>
Get Text for warning[[ChromeDriver: chrome on WINDOWS (575f51cc9ce8a85888646b79062c4c54)] -> xpath: //div[text()='Warning: Payment method required!']]<br/>
</div>
</td>
<td></td>
<td>9</td>
<td>com.tutorialninja.testsuite.LapTopsAndNoteBooksTest@12f41634</td></tr>
</table><p>
</body>
</html>