<?xml version="1.0" encoding="UTF-8"?>
<testsuite name="Login Test"
           tests="2"
           failures="0"
           errors="0"
           skipped="0"
           time="18.631">
  <properties />
  
  
            <testcase name="verifyProductArrangeInAlphaBaticalOrder" time="1.522" classname="com.tutorialninja.testsuite.DeskTopTest" />
                <testcase name="verifyProductAddedToShoppingCartSuccessFully" time="17.109" classname="com.tutorialninja.testsuite.DeskTopTest" />
      
</testsuite>
