<?xml version="1.0" encoding="UTF-8"?>
<testsuite name="Login Test"
           tests="3"
           failures="0"
           errors="0"
           skipped="0"
           time="68.213">
  <properties />
  
  
            <testcase name="verifyUserShouldNavigateToLaptopsAndNotebooksPageSuccessfully" time="26.360" classname="com.tutorialninja.testsuite.TopMenuTest" />
                <testcase name="verifyUserShouldNavigateToDesktopsPageSuccessfully" time="21.027" classname="com.tutorialninja.testsuite.TopMenuTest" />
                <testcase name="verifyUserShouldNavigateToComponentsPageSuccessfully" time="20.826" classname="com.tutorialninja.testsuite.TopMenuTest" />
      
</testsuite>
