<?xml version="1.0" encoding="UTF-8"?>
<testsuite name="Login Test"
           tests="2"
           failures="0"
           errors="0"
           skipped="0"
           time="3.323">
  <properties />
  
  
            <testcase name="verifyThatUserShouldLoginAndLogoutSuccessfully" time="2.683" classname="com.tutorialninja.testsuite.AccountLoginPageTest" />
                <testcase name="verifyUserShouldNavigateToLoginPageSuccessfully" time="0.640" classname="com.tutorialninja.testsuite.AccountLoginPageTest" />
      
</testsuite>
