<?xml version="1.0" encoding="UTF-8"?>
<testsuite name="Login Test"
           tests="2"
           failures="0"
           errors="0"
           skipped="0"
           time="10.768">
  <properties />
  
  
            <testcase name="verifyProductsPriceDisplayHighToLowSuccessfully" time="1.438" classname="com.tutorialninja.testsuite.LapTopsAndNoteBooksTest" />
                <testcase name="verifyThatUserPlaceOrderSuccessfully" time="9.330" classname="com.tutorialninja.testsuite.LapTopsAndNoteBooksTest" />
      
</testsuite>
